2022-08-05 00:38:22,480 INFO com.capgemini.managestaffservice.ManageStaffServiceApplication [main] Starting ManageStaffServiceApplication using Java 17.0.2 on Harsh with PID 10932 (C:\Users\darsh\Downloads\Online Hotel Management System\manage-staff-service\target\classes started by darsh in C:\Users\darsh\Downloads\Online Hotel Management System\manage-staff-service)
2022-08-05 00:38:22,489 INFO com.capgemini.managestaffservice.ManageStaffServiceApplication [main] No active profile set, falling back to 1 default profile: "default"
2022-08-05 00:38:28,397 INFO com.capgemini.managestaffservice.ManageStaffServiceApplication [main] Started ManageStaffServiceApplication in 6.399 seconds (JVM running for 7.353)
2022-08-05 14:12:56,578 INFO com.capgemini.managestaffservice.ManageStaffServiceApplicationTests [main] Starting ManageStaffServiceApplicationTests using Java 17.0.2 on Harsh with PID 19236 (started by darsh in C:\Users\darsh\Downloads\Online Hotel Management System\manage-staff-service)
2022-08-05 14:12:56,583 INFO com.capgemini.managestaffservice.ManageStaffServiceApplicationTests [main] No active profile set, falling back to 1 default profile: "default"
2022-08-05 14:13:03,682 INFO com.capgemini.managestaffservice.ManageStaffServiceApplicationTests [main] Started ManageStaffServiceApplicationTests in 7.615 seconds (JVM running for 9.406)
2022-08-05 14:15:52,660 INFO com.capgemini.managestaffservice.ManageStaffServiceApplicationTests [main] Starting ManageStaffServiceApplicationTests using Java 17.0.2 on Harsh with PID 18660 (started by darsh in C:\Users\darsh\Downloads\Online Hotel Management System\manage-staff-service)
2022-08-05 14:15:52,669 INFO com.capgemini.managestaffservice.ManageStaffServiceApplicationTests [main] No active profile set, falling back to 1 default profile: "default"
2022-08-05 14:15:59,646 INFO com.capgemini.managestaffservice.ManageStaffServiceApplicationTests [main] Started ManageStaffServiceApplicationTests in 7.509 seconds (JVM running for 9.381)
2022-08-05 14:17:27,405 INFO com.capgemini.managestaffservice.ManageStaffServiceApplicationTests [main] Starting ManageStaffServiceApplicationTests using Java 17.0.2 on Harsh with PID 25828 (started by darsh in C:\Users\darsh\Downloads\Online Hotel Management System\manage-staff-service)
2022-08-05 14:17:27,415 INFO com.capgemini.managestaffservice.ManageStaffServiceApplicationTests [main] No active profile set, falling back to 1 default profile: "default"
2022-08-05 14:17:34,114 INFO com.capgemini.managestaffservice.ManageStaffServiceApplicationTests [main] Started ManageStaffServiceApplicationTests in 7.23 seconds (JVM running for 9.069)
2022-08-05 14:17:57,782 INFO com.capgemini.managestaffservice.ManageStaffServiceApplicationTests [main] Starting ManageStaffServiceApplicationTests using Java 17.0.2 on Harsh with PID 25624 (started by darsh in C:\Users\darsh\Downloads\Online Hotel Management System\manage-staff-service)
2022-08-05 14:17:57,784 INFO com.capgemini.managestaffservice.ManageStaffServiceApplicationTests [main] No active profile set, falling back to 1 default profile: "default"
2022-08-05 14:18:05,171 INFO com.capgemini.managestaffservice.ManageStaffServiceApplicationTests [main] Started ManageStaffServiceApplicationTests in 7.912 seconds (JVM running for 9.681)
2022-08-05 14:25:25,105 INFO com.capgemini.managestaffservice.ManageStaffServiceApplication [main] Starting ManageStaffServiceApplication using Java 17.0.2 on Harsh with PID 22816 (C:\Users\darsh\Downloads\Online Hotel Management System\manage-staff-service\target\classes started by darsh in C:\Users\darsh\Downloads\Online Hotel Management System\manage-staff-service)
2022-08-05 14:25:25,114 INFO com.capgemini.managestaffservice.ManageStaffServiceApplication [main] No active profile set, falling back to 1 default profile: "default"
2022-08-05 14:25:30,901 INFO com.capgemini.managestaffservice.ManageStaffServiceApplication [main] Started ManageStaffServiceApplication in 6.271 seconds (JVM running for 7.294)
2022-08-05 15:02:48,161 INFO com.capgemini.managestaffservice.controller.StaffController [http-nio-8083-exec-1] Delete Staff has been accessed
2022-08-05 15:03:08,203 INFO com.capgemini.managestaffservice.controller.StaffController [http-nio-8083-exec-2] Delete Staff has been accessed
2022-08-05 15:09:15,050 INFO com.capgemini.managestaffservice.controller.StaffController [http-nio-8083-exec-4] Add Staff has been accessed
2022-08-05 15:12:14,055 INFO com.capgemini.managestaffservice.controller.StaffController [http-nio-8083-exec-6] Add Staff has been accessed
2022-08-05 15:15:34,818 INFO com.capgemini.managestaffservice.controller.StaffController [http-nio-8083-exec-8] Add Staff has been accessed
2022-08-05 15:19:22,196 INFO com.capgemini.managestaffservice.ManageStaffServiceApplication [main] Starting ManageStaffServiceApplication using Java 17.0.2 on Harsh with PID 30328 (C:\Users\darsh\Downloads\Online Hotel Management System\manage-staff-service\target\classes started by darsh in C:\Users\darsh\Downloads\Online Hotel Management System\manage-staff-service)
2022-08-05 15:19:22,199 INFO com.capgemini.managestaffservice.ManageStaffServiceApplication [main] No active profile set, falling back to 1 default profile: "default"
