2022-08-05 00:24:10,374 INFO com.capgemini.manageuserservice.ManageUserServiceApplication [main] Starting ManageUserServiceApplication using Java 17.0.2 on Harsh with PID 28460 (C:\Users\darsh\Downloads\Online Hotel Management System\manage-user-service\target\classes started by darsh in C:\Users\darsh\Downloads\Online Hotel Management System\manage-user-service)
2022-08-05 00:24:10,381 INFO com.capgemini.manageuserservice.ManageUserServiceApplication [main] No active profile set, falling back to 1 default profile: "default"
2022-08-05 00:24:16,963 INFO com.capgemini.manageuserservice.ManageUserServiceApplication [main] Started ManageUserServiceApplication in 7.165 seconds (JVM running for 8.428)
2022-08-05 00:26:11,752 INFO com.capgemini.manageuserservice.ManageUserServiceApplication [main] Starting ManageUserServiceApplication using Java 17.0.2 on Harsh with PID 29376 (C:\Users\darsh\Downloads\Online Hotel Management System\manage-user-service\target\classes started by darsh in C:\Users\darsh\Downloads\Online Hotel Management System\manage-user-service)
2022-08-05 00:26:11,754 INFO com.capgemini.manageuserservice.ManageUserServiceApplication [main] No active profile set, falling back to 1 default profile: "default"
2022-08-05 00:26:16,938 INFO com.capgemini.manageuserservice.ManageUserServiceApplication [main] Started ManageUserServiceApplication in 5.686 seconds (JVM running for 6.635)
2022-08-05 00:26:22,683 INFO com.capgemini.manageuserservice.controller.UserController [http-nio-8089-exec-1] Add user has been accessed
2022-08-05 00:26:34,534 INFO com.capgemini.manageuserservice.controller.UserController [http-nio-8089-exec-3] Add user has been accessed
2022-08-05 00:28:26,780 INFO com.capgemini.manageuserservice.controller.UserController [http-nio-8089-exec-7] update user has been accessed
2022-08-05 00:29:20,269 INFO com.capgemini.manageuserservice.controller.UserController [http-nio-8089-exec-9] delete user has been accessed
2022-08-05 00:29:35,580 INFO com.capgemini.manageuserservice.controller.UserController [http-nio-8089-exec-10] delete user has been accessed
2022-08-05 00:31:22,514 INFO com.capgemini.manageuserservice.ManageUserServiceApplication [main] Starting ManageUserServiceApplication using Java 17.0.2 on Harsh with PID 30960 (C:\Users\darsh\Downloads\Online Hotel Management System\manage-user-service\target\classes started by darsh in C:\Users\darsh\Downloads\Online Hotel Management System\manage-user-service)
2022-08-05 00:31:22,516 INFO com.capgemini.manageuserservice.ManageUserServiceApplication [main] No active profile set, falling back to 1 default profile: "default"
2022-08-05 00:31:28,125 INFO com.capgemini.manageuserservice.ManageUserServiceApplication [main] Started ManageUserServiceApplication in 6.073 seconds (JVM running for 7.003)
2022-08-05 00:31:33,444 INFO com.capgemini.manageuserservice.controller.UserController [http-nio-8089-exec-2] Add user has been accessed
2022-08-05 00:38:44,868 INFO com.capgemini.manageuserservice.ManageUserServiceApplication [main] Starting ManageUserServiceApplication using Java 17.0.2 on Harsh with PID 19384 (C:\Users\darsh\Downloads\Online Hotel Management System\manage-user-service\target\classes started by darsh in C:\Users\darsh\Downloads\Online Hotel Management System\manage-user-service)
2022-08-05 00:38:44,870 INFO com.capgemini.manageuserservice.ManageUserServiceApplication [main] No active profile set, falling back to 1 default profile: "default"
2022-08-05 00:38:50,207 INFO com.capgemini.manageuserservice.ManageUserServiceApplication [main] Started ManageUserServiceApplication in 5.836 seconds (JVM running for 6.842)
2022-08-05 00:51:21,213 INFO com.capgemini.manageuserservice.ManageUserServiceApplication [main] Starting ManageUserServiceApplication using Java 17.0.2 on Harsh with PID 27564 (C:\Users\darsh\Downloads\Online Hotel Management System\manage-user-service\target\classes started by darsh in C:\Users\darsh\Downloads\Online Hotel Management System\manage-user-service)
2022-08-05 00:51:21,216 INFO com.capgemini.manageuserservice.ManageUserServiceApplication [main] No active profile set, falling back to 1 default profile: "default"
2022-08-05 00:51:26,520 INFO com.capgemini.manageuserservice.ManageUserServiceApplication [main] Started ManageUserServiceApplication in 5.895 seconds (JVM running for 7.072)
2022-08-05 14:13:42,334 INFO com.capgemini.manageuserservice.ManageUserServiceApplicationTests [main] Starting ManageUserServiceApplicationTests using Java 17.0.2 on Harsh with PID 23788 (started by darsh in C:\Users\darsh\Downloads\Online Hotel Management System\manage-user-service)
2022-08-05 14:13:42,343 INFO com.capgemini.manageuserservice.ManageUserServiceApplicationTests [main] No active profile set, falling back to 1 default profile: "default"
2022-08-05 14:13:49,528 INFO com.capgemini.manageuserservice.ManageUserServiceApplicationTests [main] Started ManageUserServiceApplicationTests in 7.837 seconds (JVM running for 9.64)
2022-08-05 14:14:03,409 INFO com.capgemini.manageuserservice.ManageUserServiceApplication [main] Starting ManageUserServiceApplication using Java 17.0.2 on Harsh with PID 1280 (C:\Users\darsh\Downloads\Online Hotel Management System\manage-user-service\target\classes started by darsh in C:\Users\darsh\Downloads\Online Hotel Management System\manage-user-service)
2022-08-05 14:14:03,411 INFO com.capgemini.manageuserservice.ManageUserServiceApplication [main] No active profile set, falling back to 1 default profile: "default"
