2022-08-05 00:38:36,584 INFO com.capgemini.manageguestservice.ManageGuestServiceApplication [main] Starting ManageGuestServiceApplication using Java 17.0.2 on Harsh with PID 27080 (C:\Users\darsh\Downloads\Online Hotel Management System\manage-guest-service\target\classes started by darsh in C:\Users\darsh\Downloads\Online Hotel Management System\manage-guest-service)
2022-08-05 00:38:36,589 INFO com.capgemini.manageguestservice.ManageGuestServiceApplication [main] No active profile set, falling back to 1 default profile: "default"
2022-08-05 00:38:41,592 INFO com.capgemini.manageguestservice.ManageGuestServiceApplication [main] Started ManageGuestServiceApplication in 5.486 seconds (JVM running for 6.446)
2022-08-05 00:41:19,976 INFO com.capgemini.manageguestservice.controller.GuestController [http-nio-8088-exec-1] HelloTest has been accessed
2022-08-05 14:10:36,336 INFO com.capgemini.manageguestservice.ManageGuestServiceApplicationTests [main] Starting ManageGuestServiceApplicationTests using Java 17.0.2 on Harsh with PID 14280 (started by darsh in C:\Users\darsh\Downloads\Online Hotel Management System\manage-guest-service)
2022-08-05 14:10:36,345 INFO com.capgemini.manageguestservice.ManageGuestServiceApplicationTests [main] No active profile set, falling back to 1 default profile: "default"
2022-08-05 14:10:43,523 INFO com.capgemini.manageguestservice.ManageGuestServiceApplicationTests [main] Started ManageGuestServiceApplicationTests in 7.718 seconds (JVM running for 9.458)
2022-08-05 14:10:47,233 ERROR com.netflix.discovery.DiscoveryClient [SpringApplicationShutdownHook] DiscoveryClient_MANAGE-GUEST-SERVICE/host.docker.internal:manage-guest-service:8088 - de-registration failedCannot execute request on any known server
com.netflix.discovery.shared.transport.TransportException: Cannot execute request on any known server
	at com.netflix.discovery.shared.transport.decorator.RetryableEurekaHttpClient.execute(RetryableEurekaHttpClient.java:112)
	at com.netflix.discovery.shared.transport.decorator.EurekaHttpClientDecorator.cancel(EurekaHttpClientDecorator.java:71)
	at com.netflix.discovery.shared.transport.decorator.EurekaHttpClientDecorator$2.execute(EurekaHttpClientDecorator.java:74)
	at com.netflix.discovery.shared.transport.decorator.SessionedEurekaHttpClient.execute(SessionedEurekaHttpClient.java:77)
	at com.netflix.discovery.shared.transport.decorator.EurekaHttpClientDecorator.cancel(EurekaHttpClientDecorator.java:71)
	at com.netflix.discovery.DiscoveryClient.unregister(DiscoveryClient.java:972)
	at com.netflix.discovery.DiscoveryClient.shutdown(DiscoveryClient.java:948)
	at java.base/jdk.internal.reflect.NativeMethodAccessorImpl.invoke0(Native Method)
	at java.base/jdk.internal.reflect.NativeMethodAccessorImpl.invoke(NativeMethodAccessorImpl.java:77)
	at java.base/jdk.internal.reflect.DelegatingMethodAccessorImpl.invoke(DelegatingMethodAccessorImpl.java:43)
	at java.base/java.lang.reflect.Method.invoke(Method.java:568)
	at org.springframework.beans.factory.annotation.InitDestroyAnnotationBeanPostProcessor$LifecycleElement.invoke(InitDestroyAnnotationBeanPostProcessor.java:389)
	at org.springframework.beans.factory.annotation.InitDestroyAnnotationBeanPostProcessor$LifecycleMetadata.invokeDestroyMethods(InitDestroyAnnotationBeanPostProcessor.java:347)
	at org.springframework.beans.factory.annotation.InitDestroyAnnotationBeanPostProcessor.postProcessBeforeDestruction(InitDestroyAnnotationBeanPostProcessor.java:177)
	at org.springframework.beans.factory.support.DisposableBeanAdapter.destroy(DisposableBeanAdapter.java:197)
	at org.springframework.beans.factory.support.DisposableBeanAdapter.run(DisposableBeanAdapter.java:190)
	at org.springframework.cloud.context.scope.GenericScope$BeanLifecycleWrapper.destroy(GenericScope.java:390)
	at org.springframework.cloud.context.scope.GenericScope.destroy(GenericScope.java:136)
	at org.springframework.beans.factory.support.DisposableBeanAdapter.destroy(DisposableBeanAdapter.java:213)
	at org.springframework.beans.factory.support.DefaultSingletonBeanRegistry.destroyBean(DefaultSingletonBeanRegistry.java:587)
	at org.springframework.beans.factory.support.DefaultSingletonBeanRegistry.destroySingleton(DefaultSingletonBeanRegistry.java:559)
	at org.springframework.beans.factory.support.DefaultListableBeanFactory.destroySingleton(DefaultListableBeanFactory.java:1163)
	at org.springframework.beans.factory.support.DefaultSingletonBeanRegistry.destroySingletons(DefaultSingletonBeanRegistry.java:520)
	at org.springframework.beans.factory.support.DefaultListableBeanFactory.destroySingletons(DefaultListableBeanFactory.java:1156)
	at org.springframework.context.support.AbstractApplicationContext.destroyBeans(AbstractApplicationContext.java:1106)
	at org.springframework.context.support.AbstractApplicationContext.doClose(AbstractApplicationContext.java:1075)
	at org.springframework.context.support.AbstractApplicationContext.close(AbstractApplicationContext.java:1021)
	at org.springframework.boot.SpringApplicationShutdownHook.closeAndWait(SpringApplicationShutdownHook.java:145)
	at java.base/java.lang.Iterable.forEach(Iterable.java:75)
	at org.springframework.boot.SpringApplicationShutdownHook.run(SpringApplicationShutdownHook.java:114)
	at java.base/java.lang.Thread.run(Thread.java:833)
2022-08-05 14:10:53,560 INFO com.capgemini.manageguestservice.ManageGuestServiceApplication [main] Starting ManageGuestServiceApplication using Java 17.0.2 on Harsh with PID 4192 (C:\Users\darsh\Downloads\Online Hotel Management System\manage-guest-service\target\classes started by darsh in C:\Users\darsh\Downloads\Online Hotel Management System\manage-guest-service)
2022-08-05 14:10:53,561 INFO com.capgemini.manageguestservice.ManageGuestServiceApplication [main] No active profile set, falling back to 1 default profile: "default"
2022-08-05 14:10:58,589 INFO com.capgemini.manageguestservice.ManageGuestServiceApplication [main] Started ManageGuestServiceApplication in 5.478 seconds (JVM running for 6.378)
2022-08-05 14:11:28,332 ERROR com.netflix.discovery.DiscoveryClient [DiscoveryClient-HeartbeatExecutor-0] DiscoveryClient_MANAGE-GUEST-SERVICE/host.docker.internal:manage-guest-service:8088 - was unable to send heartbeat!
com.netflix.discovery.shared.transport.TransportException: Cannot execute request on any known server
	at com.netflix.discovery.shared.transport.decorator.RetryableEurekaHttpClient.execute(RetryableEurekaHttpClient.java:112)
	at com.netflix.discovery.shared.transport.decorator.EurekaHttpClientDecorator.sendHeartBeat(EurekaHttpClientDecorator.java:89)
	at com.netflix.discovery.shared.transport.decorator.EurekaHttpClientDecorator$3.execute(EurekaHttpClientDecorator.java:92)
	at com.netflix.discovery.shared.transport.decorator.SessionedEurekaHttpClient.execute(SessionedEurekaHttpClient.java:77)
	at com.netflix.discovery.shared.transport.decorator.EurekaHttpClientDecorator.sendHeartBeat(EurekaHttpClientDecorator.java:89)
	at com.netflix.discovery.DiscoveryClient.renew(DiscoveryClient.java:893)
	at com.netflix.discovery.DiscoveryClient$HeartbeatThread.run(DiscoveryClient.java:1457)
	at java.base/java.util.concurrent.Executors$RunnableAdapter.call(Executors.java:539)
	at java.base/java.util.concurrent.FutureTask.run(FutureTask.java:264)
	at java.base/java.util.concurrent.ThreadPoolExecutor.runWorker(ThreadPoolExecutor.java:1136)
	at java.base/java.util.concurrent.ThreadPoolExecutor$Worker.run(ThreadPoolExecutor.java:635)
	at java.base/java.lang.Thread.run(Thread.java:833)
2022-08-05 14:30:21,869 INFO com.capgemini.manageguestservice.controller.GuestController [http-nio-8088-exec-1] HelloTest has been accessed
2022-08-05 15:53:00,733 INFO com.capgemini.manageguestservice.controller.GuestController [http-nio-8088-exec-3] Add Guest has been accessed
2022-08-05 15:54:29,022 INFO com.capgemini.manageguestservice.ManageGuestServiceApplication [main] Starting ManageGuestServiceApplication using Java 17.0.2 on Harsh with PID 12044 (C:\Users\darsh\Downloads\Online Hotel Management System\manage-guest-service\target\classes started by darsh in C:\Users\darsh\Downloads\Online Hotel Management System\manage-guest-service)
2022-08-05 15:54:29,025 INFO com.capgemini.manageguestservice.ManageGuestServiceApplication [main] No active profile set, falling back to 1 default profile: "default"
2022-08-05 15:54:34,789 INFO com.capgemini.manageguestservice.ManageGuestServiceApplication [main] Started ManageGuestServiceApplication in 6.267 seconds (JVM running for 7.273)
2022-08-05 15:54:44,632 INFO com.capgemini.manageguestservice.controller.GuestController [http-nio-8088-exec-1] Add Guest has been accessed
2022-08-05 15:59:06,144 INFO com.capgemini.manageguestservice.ManageGuestServiceApplication [main] Starting ManageGuestServiceApplication using Java 17.0.2 on Harsh with PID 31468 (C:\Users\darsh\Downloads\Online Hotel Management System\manage-guest-service\target\classes started by darsh in C:\Users\darsh\Downloads\Online Hotel Management System\manage-guest-service)
2022-08-05 15:59:06,147 INFO com.capgemini.manageguestservice.ManageGuestServiceApplication [main] No active profile set, falling back to 1 default profile: "default"
2022-08-05 15:59:11,043 INFO com.capgemini.manageguestservice.ManageGuestServiceApplication [main] Started ManageGuestServiceApplication in 5.376 seconds (JVM running for 6.413)
2022-08-05 16:00:53,685 INFO com.capgemini.manageguestservice.controller.GuestController [http-nio-8088-exec-1] Add Guest has been accessed
2022-08-05 16:06:34,766 INFO com.capgemini.manageguestservice.controller.GuestController [http-nio-8088-exec-3] Add Guest has been accessed
2022-08-05 16:07:52,708 INFO com.capgemini.manageguestservice.controller.GuestController [http-nio-8088-exec-5] Add Guest has been accessed
2022-08-05 16:12:22,470 INFO com.capgemini.manageguestservice.controller.GuestController [http-nio-8088-exec-7] Add Guest has been accessed
2022-08-05 16:14:48,305 INFO com.capgemini.manageguestservice.controller.GuestController [http-nio-8088-exec-10] Update Guest has been accessed
2022-08-05 16:15:25,596 INFO com.capgemini.manageguestservice.controller.GuestController [http-nio-8088-exec-1] Update Guest has been accessed
2022-08-05 16:16:24,677 INFO com.capgemini.manageguestservice.controller.GuestController [http-nio-8088-exec-3] View Guest has been accessed
2022-08-05 16:16:36,386 INFO com.capgemini.manageguestservice.controller.GuestController [http-nio-8088-exec-5] View Guest has been accessed
2022-08-05 16:18:22,740 INFO com.capgemini.manageguestservice.controller.GuestController [http-nio-8088-exec-7] View Guest by email has been accessed
2022-08-05 16:18:22,948 ERROR org.apache.catalina.core.ContainerBase.[Tomcat].[localhost].[/].[dispatcherServlet] [http-nio-8088-exec-7] Servlet.service() for servlet [dispatcherServlet] in context with path [] threw exception [Request processing failed; nested exception is java.lang.NullPointerException: Cannot invoke "com.capgemini.manageguestservice.entity.Guest.getId()" because "guest" is null] with root cause
java.lang.NullPointerException: Cannot invoke "com.capgemini.manageguestservice.entity.Guest.getId()" because "guest" is null
	at com.capgemini.manageguestservice.mapper.GuestMapper.mapEntityToDto(GuestMapper.java:29)
	at com.capgemini.manageguestservice.service.impl.GuestServiceImpl.viewGuestService(GuestServiceImpl.java:69)
	at com.capgemini.manageguestservice.controller.GuestController.viewGuest(GuestController.java:56)
	at java.base/jdk.internal.reflect.NativeMethodAccessorImpl.invoke0(Native Method)
	at java.base/jdk.internal.reflect.NativeMethodAccessorImpl.invoke(NativeMethodAccessorImpl.java:77)
	at java.base/jdk.internal.reflect.DelegatingMethodAccessorImpl.invoke(DelegatingMethodAccessorImpl.java:43)
	at java.base/java.lang.reflect.Method.invoke(Method.java:568)
	at org.springframework.web.method.support.InvocableHandlerMethod.doInvoke(InvocableHandlerMethod.java:205)
	at org.springframework.web.method.support.InvocableHandlerMethod.invokeForRequest(InvocableHandlerMethod.java:150)
	at org.springframework.web.servlet.mvc.method.annotation.ServletInvocableHandlerMethod.invokeAndHandle(ServletInvocableHandlerMethod.java:117)
	at org.springframework.web.servlet.mvc.method.annotation.RequestMappingHandlerAdapter.invokeHandlerMethod(RequestMappingHandlerAdapter.java:895)
	at org.springframework.web.servlet.mvc.method.annotation.RequestMappingHandlerAdapter.handleInternal(RequestMappingHandlerAdapter.java:808)
	at org.springframework.web.servlet.mvc.method.AbstractHandlerMethodAdapter.handle(AbstractHandlerMethodAdapter.java:87)
	at org.springframework.web.servlet.DispatcherServlet.doDispatch(DispatcherServlet.java:1067)
	at org.springframework.web.servlet.DispatcherServlet.doService(DispatcherServlet.java:963)
	at org.springframework.web.servlet.FrameworkServlet.processRequest(FrameworkServlet.java:1006)
	at org.springframework.web.servlet.FrameworkServlet.doGet(FrameworkServlet.java:898)
	at javax.servlet.http.HttpServlet.service(HttpServlet.java:655)
	at org.springframework.web.servlet.FrameworkServlet.service(FrameworkServlet.java:883)
	at javax.servlet.http.HttpServlet.service(HttpServlet.java:764)
	at org.apache.catalina.core.ApplicationFilterChain.internalDoFilter(ApplicationFilterChain.java:227)
	at org.apache.catalina.core.ApplicationFilterChain.doFilter(ApplicationFilterChain.java:162)
	at org.apache.tomcat.websocket.server.WsFilter.doFilter(WsFilter.java:53)
	at org.apache.catalina.core.ApplicationFilterChain.internalDoFilter(ApplicationFilterChain.java:189)
	at org.apache.catalina.core.ApplicationFilterChain.doFilter(ApplicationFilterChain.java:162)
	at org.springframework.web.filter.CharacterEncodingFilter.doFilterInternal(CharacterEncodingFilter.java:201)
	at org.springframework.web.filter.OncePerRequestFilter.doFilter(OncePerRequestFilter.java:117)
	at org.apache.catalina.core.ApplicationFilterChain.internalDoFilter(ApplicationFilterChain.java:189)
	at org.apache.catalina.core.ApplicationFilterChain.doFilter(ApplicationFilterChain.java:162)
	at org.apache.catalina.core.StandardWrapperValve.invoke(StandardWrapperValve.java:197)
	at org.apache.catalina.core.StandardContextValve.invoke(StandardContextValve.java:97)
	at org.apache.catalina.authenticator.AuthenticatorBase.invoke(AuthenticatorBase.java:541)
	at org.apache.catalina.core.StandardHostValve.invoke(StandardHostValve.java:135)
	at org.apache.catalina.valves.ErrorReportValve.invoke(ErrorReportValve.java:92)
	at org.apache.catalina.core.StandardEngineValve.invoke(StandardEngineValve.java:78)
	at org.apache.catalina.connector.CoyoteAdapter.service(CoyoteAdapter.java:360)
	at org.apache.coyote.http11.Http11Processor.service(Http11Processor.java:399)
	at org.apache.coyote.AbstractProcessorLight.process(AbstractProcessorLight.java:65)
	at org.apache.coyote.AbstractProtocol$ConnectionHandler.process(AbstractProtocol.java:890)
	at org.apache.tomcat.util.net.NioEndpoint$SocketProcessor.doRun(NioEndpoint.java:1787)
	at org.apache.tomcat.util.net.SocketProcessorBase.run(SocketProcessorBase.java:49)
	at org.apache.tomcat.util.threads.ThreadPoolExecutor.runWorker(ThreadPoolExecutor.java:1191)
	at org.apache.tomcat.util.threads.ThreadPoolExecutor$Worker.run(ThreadPoolExecutor.java:659)
	at org.apache.tomcat.util.threads.TaskThread$WrappingRunnable.run(TaskThread.java:61)
	at java.base/java.lang.Thread.run(Thread.java:833)
2022-08-05 16:19:03,456 INFO com.capgemini.manageguestservice.controller.GuestController [http-nio-8088-exec-8] View Guest by email has been accessed
2022-08-05 20:48:31,229 INFO com.capgemini.manageguestservice.ManageGuestServiceApplication [main] Starting ManageGuestServiceApplication using Java 17.0.2 on Harsh with PID 24900 (C:\Users\darsh\Downloads\Online Hotel Management System\manage-guest-service\target\classes started by darsh in C:\Users\darsh\Downloads\Online Hotel Management System\manage-guest-service)
2022-08-05 20:48:31,232 INFO com.capgemini.manageguestservice.ManageGuestServiceApplication [main] No active profile set, falling back to 1 default profile: "default"
2022-08-05 20:48:36,751 INFO com.capgemini.manageguestservice.ManageGuestServiceApplication [main] Started ManageGuestServiceApplication in 6.053 seconds (JVM running for 7.073)
2022-08-05 22:07:28,921 INFO com.capgemini.manageguestservice.controller.GuestController [http-nio-8088-exec-1] View Guest by email has been accessed
2022-08-05 22:34:43,623 INFO com.capgemini.manageguestservice.controller.GuestController [http-nio-8088-exec-5] View Guest by email has been accessed
2022-08-05 23:56:12,783 ERROR com.netflix.discovery.DiscoveryClient [DiscoveryClient-HeartbeatExecutor-0] DiscoveryClient_MANAGE-GUEST-SERVICE/host.docker.internal:manage-guest-service:8088 - was unable to send heartbeat!
com.netflix.discovery.shared.transport.TransportException: Cannot execute request on any known server
	at com.netflix.discovery.shared.transport.decorator.RetryableEurekaHttpClient.execute(RetryableEurekaHttpClient.java:112)
	at com.netflix.discovery.shared.transport.decorator.EurekaHttpClientDecorator.sendHeartBeat(EurekaHttpClientDecorator.java:89)
	at com.netflix.discovery.shared.transport.decorator.EurekaHttpClientDecorator$3.execute(EurekaHttpClientDecorator.java:92)
	at com.netflix.discovery.shared.transport.decorator.SessionedEurekaHttpClient.execute(SessionedEurekaHttpClient.java:77)
	at com.netflix.discovery.shared.transport.decorator.EurekaHttpClientDecorator.sendHeartBeat(EurekaHttpClientDecorator.java:89)
	at com.netflix.discovery.DiscoveryClient.renew(DiscoveryClient.java:893)
	at com.netflix.discovery.DiscoveryClient$HeartbeatThread.run(DiscoveryClient.java:1457)
	at java.base/java.util.concurrent.Executors$RunnableAdapter.call(Executors.java:539)
	at java.base/java.util.concurrent.FutureTask.run(FutureTask.java:264)
	at java.base/java.util.concurrent.ThreadPoolExecutor.runWorker(ThreadPoolExecutor.java:1136)
	at java.base/java.util.concurrent.ThreadPoolExecutor$Worker.run(ThreadPoolExecutor.java:635)
	at java.base/java.lang.Thread.run(Thread.java:833)
