2022-08-05 16:38:24,232 INFO com.capgemini.manageroomservice.controller.RoomController [http-nio-8087-exec-6] Add room has been accessed
2022-08-05 16:39:11,533 INFO com.capgemini.manageroomservice.controller.RoomController [http-nio-8087-exec-7] Add room has been accessed
2022-08-05 16:41:35,583 INFO com.capgemini.manageroomservice.controller.RoomController [http-nio-8087-exec-9] Update room has been accessed
2022-08-05 16:42:41,824 INFO com.capgemini.manageroomservice.controller.RoomController [http-nio-8087-exec-2] Set rate room has been accessed
2022-08-05 16:43:37,389 INFO com.capgemini.manageroomservice.controller.RoomController [http-nio-8087-exec-3] Set rate room has been accessed
2022-08-05 16:44:19,979 INFO com.capgemini.manageroomservice.controller.RoomController [http-nio-8087-exec-4] Set rate room has been accessed
2022-08-05 16:45:34,449 INFO com.capgemini.manageroomservice.controller.RoomController [http-nio-8087-exec-7] Set rate room has been accessed
2022-08-05 16:45:54,297 INFO com.capgemini.manageroomservice.controller.RoomController [http-nio-8087-exec-8] View room has been accessed
2022-08-05 16:46:11,250 INFO com.capgemini.manageroomservice.controller.RoomController [http-nio-8087-exec-9] Set rate room has been accessed
2022-08-05 16:48:02,201 INFO com.capgemini.manageroomservice.controller.SearchController [http-nio-8087-exec-2] Search Result has been accessed
2022-08-05 16:48:14,476 INFO com.capgemini.manageroomservice.controller.SearchController [http-nio-8087-exec-3] Search Result has been accessed
2022-08-05 16:48:26,111 INFO com.capgemini.manageroomservice.controller.SearchController [http-nio-8087-exec-4] Search Result has been accessed
2022-08-05 17:09:39,122 INFO com.capgemini.manageroomservice.controller.RoomController [http-nio-8087-exec-6] Get Booked room has been accessed
2022-08-05 17:09:39,212 ERROR org.apache.catalina.core.ContainerBase.[Tomcat].[localhost].[/].[dispatcherServlet] [http-nio-8087-exec-6] Servlet.service() for servlet [dispatcherServlet] in context with path [] threw exception [Request processing failed; nested exception is java.lang.NullPointerException: Cannot invoke "com.capgemini.manageroomservice.entity.Room.setBookedtill(java.util.Date)" because "roomEntity" is null] with root cause
java.lang.NullPointerException: Cannot invoke "com.capgemini.manageroomservice.entity.Room.setBookedtill(java.util.Date)" because "roomEntity" is null
	at com.capgemini.manageroomservice.service.impl.RoomServiceImpl.bookedRoom(RoomServiceImpl.java:86)
	at com.capgemini.manageroomservice.controller.RoomController.bookedRoom(RoomController.java:64)
	at java.base/jdk.internal.reflect.NativeMethodAccessorImpl.invoke0(Native Method)
	at java.base/jdk.internal.reflect.NativeMethodAccessorImpl.invoke(NativeMethodAccessorImpl.java:77)
	at java.base/jdk.internal.reflect.DelegatingMethodAccessorImpl.invoke(DelegatingMethodAccessorImpl.java:43)
	at java.base/java.lang.reflect.Method.invoke(Method.java:568)
	at org.springframework.web.method.support.InvocableHandlerMethod.doInvoke(InvocableHandlerMethod.java:205)
	at org.springframework.web.method.support.InvocableHandlerMethod.invokeForRequest(InvocableHandlerMethod.java:150)
	at org.springframework.web.servlet.mvc.method.annotation.ServletInvocableHandlerMethod.invokeAndHandle(ServletInvocableHandlerMethod.java:117)
	at org.springframework.web.servlet.mvc.method.annotation.RequestMappingHandlerAdapter.invokeHandlerMethod(RequestMappingHandlerAdapter.java:895)
	at org.springframework.web.servlet.mvc.method.annotation.RequestMappingHandlerAdapter.handleInternal(RequestMappingHandlerAdapter.java:808)
	at org.springframework.web.servlet.mvc.method.AbstractHandlerMethodAdapter.handle(AbstractHandlerMethodAdapter.java:87)
	at org.springframework.web.servlet.DispatcherServlet.doDispatch(DispatcherServlet.java:1067)
	at org.springframework.web.servlet.DispatcherServlet.doService(DispatcherServlet.java:963)
	at org.springframework.web.servlet.FrameworkServlet.processRequest(FrameworkServlet.java:1006)
	at org.springframework.web.servlet.FrameworkServlet.doPost(FrameworkServlet.java:909)
	at javax.servlet.http.HttpServlet.service(HttpServlet.java:681)
	at org.springframework.web.servlet.FrameworkServlet.service(FrameworkServlet.java:883)
	at javax.servlet.http.HttpServlet.service(HttpServlet.java:764)
	at org.apache.catalina.core.ApplicationFilterChain.internalDoFilter(ApplicationFilterChain.java:227)
	at org.apache.catalina.core.ApplicationFilterChain.doFilter(ApplicationFilterChain.java:162)
	at org.apache.tomcat.websocket.server.WsFilter.doFilter(WsFilter.java:53)
	at org.apache.catalina.core.ApplicationFilterChain.internalDoFilter(ApplicationFilterChain.java:189)
	at org.apache.catalina.core.ApplicationFilterChain.doFilter(ApplicationFilterChain.java:162)
	at org.springframework.web.filter.CharacterEncodingFilter.doFilterInternal(CharacterEncodingFilter.java:201)
	at org.springframework.web.filter.OncePerRequestFilter.doFilter(OncePerRequestFilter.java:117)
	at org.apache.catalina.core.ApplicationFilterChain.internalDoFilter(ApplicationFilterChain.java:189)
	at org.apache.catalina.core.ApplicationFilterChain.doFilter(ApplicationFilterChain.java:162)
	at org.apache.catalina.core.StandardWrapperValve.invoke(StandardWrapperValve.java:197)
	at org.apache.catalina.core.StandardContextValve.invoke(StandardContextValve.java:97)
	at org.apache.catalina.authenticator.AuthenticatorBase.invoke(AuthenticatorBase.java:541)
	at org.apache.catalina.core.StandardHostValve.invoke(StandardHostValve.java:135)
	at org.apache.catalina.valves.ErrorReportValve.invoke(ErrorReportValve.java:92)
	at org.apache.catalina.core.StandardEngineValve.invoke(StandardEngineValve.java:78)
	at org.apache.catalina.connector.CoyoteAdapter.service(CoyoteAdapter.java:360)
	at org.apache.coyote.http11.Http11Processor.service(Http11Processor.java:399)
	at org.apache.coyote.AbstractProcessorLight.process(AbstractProcessorLight.java:65)
	at org.apache.coyote.AbstractProtocol$ConnectionHandler.process(AbstractProtocol.java:890)
	at org.apache.tomcat.util.net.NioEndpoint$SocketProcessor.doRun(NioEndpoint.java:1787)
	at org.apache.tomcat.util.net.SocketProcessorBase.run(SocketProcessorBase.java:49)
	at org.apache.tomcat.util.threads.ThreadPoolExecutor.runWorker(ThreadPoolExecutor.java:1191)
	at org.apache.tomcat.util.threads.ThreadPoolExecutor$Worker.run(ThreadPoolExecutor.java:659)
	at org.apache.tomcat.util.threads.TaskThread$WrappingRunnable.run(TaskThread.java:61)
	at java.base/java.lang.Thread.run(Thread.java:833)
