2022-08-05 14:12:19,569 INFO com.capgemini.manageroomservice.ManageRoomServiceApplication [main] Started ManageRoomServiceApplication in 5.115 seconds (JVM running for 6.076)
2022-08-05 16:22:40,616 INFO com.capgemini.manageroomservice.controller.RoomController [http-nio-8087-exec-10] Delete room has been accessed
2022-08-05 16:22:48,902 INFO com.capgemini.manageroomservice.controller.RoomController [http-nio-8087-exec-8] Delete room has been accessed
2022-08-05 16:26:17,721 INFO com.capgemini.manageroomservice.ManageRoomServiceApplication [main] Starting ManageRoomServiceApplication using Java 17.0.2 on Harsh with PID 19556 (C:\Users\darsh\Downloads\Online Hotel Management System\manage-room-service\target\classes started by darsh in C:\Users\darsh\Downloads\Online Hotel Management System\manage-room-service)
2022-08-05 16:26:17,723 INFO com.capgemini.manageroomservice.ManageRoomServiceApplication [main] No active profile set, falling back to 1 default profile: "default"
2022-08-05 16:26:23,478 INFO com.capgemini.manageroomservice.ManageRoomServiceApplication [main] Started ManageRoomServiceApplication in 6.265 seconds (JVM running for 7.27)
2022-08-05 16:28:13,243 INFO com.capgemini.manageroomservice.ManageRoomServiceApplication [main] Starting ManageRoomServiceApplication using Java 17.0.2 on Harsh with PID 22088 (C:\Users\darsh\Downloads\Online Hotel Management System\manage-room-service\target\classes started by darsh in C:\Users\darsh\Downloads\Online Hotel Management System\manage-room-service)
2022-08-05 16:28:13,245 INFO com.capgemini.manageroomservice.ManageRoomServiceApplication [main] No active profile set, falling back to 1 default profile: "default"
2022-08-05 16:28:17,920 INFO com.capgemini.manageroomservice.ManageRoomServiceApplication [main] Started ManageRoomServiceApplication in 5.143 seconds (JVM running for 6.121)
2022-08-05 16:29:14,528 INFO com.capgemini.manageroomservice.ManageRoomServiceApplication [main] Starting ManageRoomServiceApplication using Java 17.0.2 on Harsh with PID 25784 (C:\Users\darsh\Downloads\Online Hotel Management System\manage-room-service\target\classes started by darsh in C:\Users\darsh\Downloads\Online Hotel Management System\manage-room-service)
2022-08-05 16:29:14,531 INFO com.capgemini.manageroomservice.ManageRoomServiceApplication [main] No active profile set, falling back to 1 default profile: "default"
2022-08-05 16:29:19,221 INFO com.capgemini.manageroomservice.ManageRoomServiceApplication [main] Started ManageRoomServiceApplication in 5.177 seconds (JVM running for 6.159)
2022-08-05 16:30:42,415 INFO com.capgemini.manageroomservice.ManageRoomServiceApplication [main] Starting ManageRoomServiceApplication using Java 17.0.2 on Harsh with PID 17372 (C:\Users\darsh\Downloads\Online Hotel Management System\manage-room-service\target\classes started by darsh in C:\Users\darsh\Downloads\Online Hotel Management System\manage-room-service)
2022-08-05 16:30:42,417 INFO com.capgemini.manageroomservice.ManageRoomServiceApplication [main] No active profile set, falling back to 1 default profile: "default"
2022-08-05 16:30:47,317 INFO com.capgemini.manageroomservice.ManageRoomServiceApplication [main] Started ManageRoomServiceApplication in 5.385 seconds (JVM running for 6.358)
2022-08-05 16:32:56,517 INFO com.capgemini.manageroomservice.controller.RoomController [http-nio-8087-exec-1] Add room has been accessed
2022-08-05 16:33:03,122 INFO com.capgemini.manageroomservice.controller.RoomController [http-nio-8087-exec-2] Add room has been accessed
2022-08-05 16:34:20,895 INFO com.capgemini.manageroomservice.controller.RoomController [http-nio-8087-exec-4] Add room has been accessed
2022-08-05 16:34:50,346 INFO com.capgemini.manageroomservice.controller.RoomController [http-nio-8087-exec-5] Add room has been accessed
2022-08-05 16:35:12,287 INFO com.capgemini.manageroomservice.controller.RoomController [http-nio-8087-exec-6] Add room has been accessed
2022-08-05 16:35:21,165 INFO com.capgemini.manageroomservice.controller.RoomController [http-nio-8087-exec-7] Add room has been accessed
2022-08-05 16:35:36,644 INFO com.capgemini.manageroomservice.controller.RoomController [http-nio-8087-exec-8] Add room has been accessed
2022-08-05 16:36:25,078 INFO com.capgemini.manageroomservice.controller.RoomController [http-nio-8087-exec-9] Add room has been accessed
2022-08-05 16:36:43,812 INFO com.capgemini.manageroomservice.controller.RoomController [http-nio-8087-exec-10] Add room has been accessed
2022-08-05 16:36:54,693 INFO com.capgemini.manageroomservice.controller.RoomController [http-nio-8087-exec-1] Add room has been accessed
2022-08-05 16:37:07,137 INFO com.capgemini.manageroomservice.controller.RoomController [http-nio-8087-exec-2] Add room has been accessed
2022-08-05 16:37:29,147 INFO com.capgemini.manageroomservice.controller.RoomController [http-nio-8087-exec-3] Add room has been accessed
2022-08-05 16:37:42,604 INFO com.capgemini.manageroomservice.controller.RoomController [http-nio-8087-exec-4] Add room has been accessed
2022-08-05 16:38:10,211 INFO com.capgemini.manageroomservice.controller.RoomController [http-nio-8087-exec-5] Add room has been accessed
